This file contains any messages produced by compilers while
running configure, to aid debugging if configure makes a mistake.

It was created by Mini-XML configure 3.3.1, which was
generated by GNU Autoconf 2.71.  Invocation command line was

  $ ./configure --host=arm-anykav500-linux-uclibcgnueabi --prefix=/home/xiaole/smb/ipc_onvif_demo/open_source_libraries/mxml-3.3.1/output

## --------- ##
## Platform. ##
## --------- ##

hostname = ubt
uname -m = x86_64
uname -r = 5.15.0-82-generic
uname -s = Linux
uname -v = #91~20.04.1-Ubuntu SMP Fri Aug 18 16:24:39 UTC 2023

/usr/bin/uname -p = x86_64
/bin/uname -X     = unknown

/bin/arch              = x86_64
/usr/bin/arch -k       = unknown
/usr/convex/getsysinfo = unknown
/usr/bin/hostinfo      = unknown
/bin/machine           = unknown
/usr/bin/oslevel       = unknown
/bin/universe          = unknown

PATH: /home/xiaole/.local/share/umake/bin/
PATH: /home/xiaole/.local/bin/
PATH: /usr/local/sbin/
PATH: /usr/local/bin/
PATH: /usr/sbin/
PATH: /usr/bin/
PATH: /sbin/
PATH: /bin/
PATH: /usr/games/
PATH: /usr/local/games/
PATH: /snap/bin/
PATH: /home/anyka/arm-anykav500-linux-uclibcgnueabi/usr/bin/


## ----------- ##
## Core tests. ##
## ----------- ##

configure:2587: looking for aux files: install-sh config.guess config.sub
configure:2600:  trying ./
configure:2611:   ./install-sh found
configure:2629:   ./config.guess found
configure:2629:   ./config.sub found
configure:2752: checking build system type
configure:2767: result: x86_64-unknown-linux-gnu
configure:2787: checking host system type
configure:2801: result: arm-anykav500-linux-uclibcgnueabi
configure:2982: checking for arm-anykav500-linux-uclibcgnueabi-gcc
configure:3003: found /home/anyka/arm-anykav500-linux-uclibcgnueabi/usr/bin/arm-anykav500-linux-uclibcgnueabi-gcc
configure:3014: result: arm-anykav500-linux-uclibcgnueabi-gcc
configure:3412: checking for C compiler version
configure:3421: arm-anykav500-linux-uclibcgnueabi-gcc --version >&5
arm-anykav500-linux-uclibcgnueabi-gcc.br_real (Buildroot 2018.02.7_V1.0.05-gec2d034) 4.9.4
Copyright (C) 2015 Free Software Foundation, Inc.
This is free software; see the source for copying conditions.  There is NO
warranty; not even for MERCHANTABILITY or FITNESS FOR A PARTICULAR PURPOSE.

configure:3432: $? = 0
configure:3421: arm-anykav500-linux-uclibcgnueabi-gcc -v >&5
Using built-in specs.
COLLECT_GCC=/home/anyka/arm-anykav500-linux-uclibcgnueabi/bin/arm-anykav500-linux-uclibcgnueabi-gcc.br_real
COLLECT_LTO_WRAPPER=/home/anyka/arm-anykav500-linux-uclibcgnueabi/bin/../libexec/gcc/arm-anykav500-linux-uclibcgnueabi/4.9.4/lto-wrapper
Target: arm-anykav500-linux-uclibcgnueabi
Configured with: ./configure --prefix=/home/leihaitao/nfs/project/buildroot/buildroot.stable/arm-anykav500-linux-uclibcgnueabi --sysconfdir=/home/leihaitao/nfs/project/buildroot/buildroot.stable/arm-anykav500-linux-uclibcgnueabi/etc --enable-static --target=arm-anykav500-linux-uclibcgnueabi --with-sysroot=/home/leihaitao/nfs/project/buildroot/buildroot.stable/arm-anykav500-linux-uclibcgnueabi/arm-anykav500-linux-uclibcgnueabi/sysroot --disable-__cxa_atexit --with-gnu-ld --disable-multilib --with-gmp=/home/leihaitao/nfs/project/buildroot/buildroot.stable/arm-anykav500-linux-uclibcgnueabi --with-mpc=/home/leihaitao/nfs/project/buildroot/buildroot.stable/arm-anykav500-linux-uclibcgnueabi --with-mpfr=/home/leihaitao/nfs/project/buildroot/buildroot.stable/arm-anykav500-linux-uclibcgnueabi --with-pkgversion='Buildroot 2018.02.7_V1.0.05-gec2d034' --with-bugurl=http://bugs.buildroot.net/ --disable-libquadmath --disable-libsanitizer --enable-tls --disable-libmudflap --enable-threads --without-isl --without-cloog --with-float=soft --disable-decimal-float --with-abi=aapcs-linux --with-cpu=arm926ej-s --with-float=soft --with-mode=arm --enable-languages=c,c++ --with-build-time-tools=/home/leihaitao/nfs/project/buildroot/buildroot.stable/arm-anykav500-linux-uclibcgnueabi/arm-anykav500-linux-uclibcgnueabi/bin --enable-shared --disable-libgomp --enable-libssp
Thread model: posix
gcc version 4.9.4 (Buildroot 2018.02.7_V1.0.05-gec2d034) 
configure:3432: $? = 0
configure:3421: arm-anykav500-linux-uclibcgnueabi-gcc -V >&5
arm-anykav500-linux-uclibcgnueabi-gcc.br_real: error: unrecognized command line option '-V'
arm-anykav500-linux-uclibcgnueabi-gcc.br_real: fatal error: no input files
compilation terminated.
configure:3432: $? = 1
configure:3421: arm-anykav500-linux-uclibcgnueabi-gcc -qversion >&5
arm-anykav500-linux-uclibcgnueabi-gcc.br_real: error: unrecognized command line option '-qversion'
arm-anykav500-linux-uclibcgnueabi-gcc.br_real: fatal error: no input files
compilation terminated.
configure:3432: $? = 1
configure:3421: arm-anykav500-linux-uclibcgnueabi-gcc -version >&5
arm-anykav500-linux-uclibcgnueabi-gcc.br_real: error: unrecognized command line option '-version'
arm-anykav500-linux-uclibcgnueabi-gcc.br_real: fatal error: no input files
compilation terminated.
configure:3432: $? = 1
configure:3452: checking whether the C compiler works
configure:3474: arm-anykav500-linux-uclibcgnueabi-gcc    conftest.c  >&5
configure:3478: $? = 0
configure:3528: result: yes
configure:3531: checking for C compiler default output file name
configure:3533: result: a.out
configure:3539: checking for suffix of executables
configure:3546: arm-anykav500-linux-uclibcgnueabi-gcc -o conftest    conftest.c  >&5
configure:3550: $? = 0
configure:3573: result: 
configure:3595: checking whether we are cross compiling
configure:3603: arm-anykav500-linux-uclibcgnueabi-gcc -o conftest    conftest.c  >&5
configure:3607: $? = 0
configure:3614: ./conftest
./configure: line 3616: ./conftest: No such file or directory
configure:3618: $? = 127
configure:3606: result: yes
configure:3611: checking for suffix of object files
configure:3634: arm-anykav500-linux-uclibcgnueabi-gcc -c   conftest.c >&5
configure:3638: $? = 0
configure:3660: result: o
configure:3664: checking whether the compiler supports GNU C
configure:3684: arm-anykav500-linux-uclibcgnueabi-gcc -c   conftest.c >&5
configure:3684: $? = 0
configure:3694: result: yes
configure:3705: checking whether arm-anykav500-linux-uclibcgnueabi-gcc accepts -g
configure:3726: arm-anykav500-linux-uclibcgnueabi-gcc -c -g  conftest.c >&5
configure:3726: $? = 0
configure:3770: result: yes
configure:3790: checking for arm-anykav500-linux-uclibcgnueabi-gcc option to enable C11 features
configure:3805: arm-anykav500-linux-uclibcgnueabi-gcc  -c   conftest.c >&5
conftest.c:62:3: error: #error "Compiler does not advertise C99 conformance"
 # error "Compiler does not advertise C99 conformance"
   ^
conftest.c:117:29: error: expected ';', ',' or ')' before 'text'
 test_restrict (ccp restrict text)
                             ^
conftest.c:166:3: error: #error "Compiler does not advertise C11 conformance"
 # error "Compiler does not advertise C11 conformance"
   ^
conftest.c:197:12: error: 'syntax' undeclared here (not in a function)
 #define u8 syntax error!
            ^
conftest.c:198:29: note: in expansion of macro 'u8'
 char const utf8_literal[] = u8"happens to be ASCII" "another string";
                             ^
conftest.c:197:19: error: expected ',' or ';' before 'error'
 #define u8 syntax error!
                   ^
conftest.c:198:29: note: in expansion of macro 'u8'
 char const utf8_literal[] = u8"happens to be ASCII" "another string";
                             ^
conftest.c: In function 'main':
conftest.c:231:18: error: expected '=', ',', ';', 'asm' or '__attribute__' before 'newvar'
   char *restrict newvar = "Another string";
                  ^
conftest.c:231:18: error: 'newvar' undeclared (first use in this function)
conftest.c:231:18: note: each undeclared identifier is reported only once for each function it appears in
conftest.c:241:3: error: 'for' loop initial declarations are only allowed in C99 or C11 mode
   for (int i = 0; i < ia->datasize; ++i)
   ^
conftest.c:241:3: note: use option -std=c99, -std=gnu99, -std=c11 or -std=gnu11 to compile your code
configure:3805: $? = 1
configure: failed program was:
| /* confdefs.h */
| #define PACKAGE_NAME "Mini-XML"
| #define PACKAGE_TARNAME "mxml"
| #define PACKAGE_VERSION "3.3.1"
| #define PACKAGE_STRING "Mini-XML 3.3.1"
| #define PACKAGE_BUGREPORT "https://github.com/michaelrsweet/mxml/issues"
| #define PACKAGE_URL "https://www.msweet.org/mxml"
| #define MXML_VERSION "Mini-XML v3.3.1"
| /* end confdefs.h.  */
| 
| /* Does the compiler advertise C89 conformance?
|    Do not test the value of __STDC__, because some compilers set it to 0
|    while being otherwise adequately conformant. */
| #if !defined __STDC__
| # error "Compiler does not advertise C89 conformance"
| #endif
| 
| #include <stddef.h>
| #include <stdarg.h>
| struct stat;
| /* Most of the following tests are stolen from RCS 5.7 src/conf.sh.  */
| struct buf { int x; };
| struct buf * (*rcsopen) (struct buf *, struct stat *, int);
| static char *e (p, i)
|      char **p;
|      int i;
| {
|   return p[i];
| }
| static char *f (char * (*g) (char **, int), char **p, ...)
| {
|   char *s;
|   va_list v;
|   va_start (v,p);
|   s = g (p, va_arg (v,int));
|   va_end (v);
|   return s;
| }
| 
| /* OSF 4.0 Compaq cc is some sort of almost-ANSI by default.  It has
|    function prototypes and stuff, but not \xHH hex character constants.
|    These do not provoke an error unfortunately, instead are silently treated
|    as an "x".  The following induces an error, until -std is added to get
|    proper ANSI mode.  Curiously \x00 != x always comes out true, for an
|    array size at least.  It is necessary to write \x00 == 0 to get something
|    that is true only with -std.  */
| int osf4_cc_array ['\x00' == 0 ? 1 : -1];
| 
| /* IBM C 6 for AIX is almost-ANSI by default, but it replaces macro parameters
|    inside strings and character constants.  */
| #define FOO(x) 'x'
| int xlc6_cc_array[FOO(a) == 'x' ? 1 : -1];
| 
| int test (int i, double x);
| struct s1 {int (*f) (int a);};
| struct s2 {int (*f) (double a);};
| int pairnames (int, char **, int *(*)(struct buf *, struct stat *, int),
|                int, int);
| 
| // Does the compiler advertise C99 conformance?
| #if !defined __STDC_VERSION__ || __STDC_VERSION__ < 199901L
| # error "Compiler does not advertise C99 conformance"
| #endif
| 
| #include <stdbool.h>
| extern int puts (const char *);
| extern int printf (const char *, ...);
| extern int dprintf (int, const char *, ...);
| extern void *malloc (size_t);
| 
| // Check varargs macros.  These examples are taken from C99 6.10.3.5.
| // dprintf is used instead of fprintf to avoid needing to declare
| // FILE and stderr.
| #define debug(...) dprintf (2, __VA_ARGS__)
| #define showlist(...) puts (#__VA_ARGS__)
| #define report(test,...) ((test) ? puts (#test) : printf (__VA_ARGS__))
| static void
| test_varargs_macros (void)
| {
|   int x = 1234;
|   int y = 5678;
|   debug ("Flag");
|   debug ("X = %d\n", x);
|   showlist (The first, second, and third items.);
|   report (x>y, "x is %d but y is %d", x, y);
| }
| 
| // Check long long types.
| #define BIG64 18446744073709551615ull
| #define BIG32 4294967295ul
| #define BIG_OK (BIG64 / BIG32 == 4294967297ull && BIG64 % BIG32 == 0)
| #if !BIG_OK
|   #error "your preprocessor is broken"
| #endif
| #if BIG_OK
| #else
|   #error "your preprocessor is broken"
| #endif
| static long long int bignum = -9223372036854775807LL;
| static unsigned long long int ubignum = BIG64;
| 
| struct incomplete_array
| {
|   int datasize;
|   double data[];
| };
| 
| struct named_init {
|   int number;
|   const wchar_t *name;
|   double average;
| };
| 
| typedef const char *ccp;
| 
| static inline int
| test_restrict (ccp restrict text)
| {
|   // See if C++-style comments work.
|   // Iterate through items via the restricted pointer.
|   // Also check for declarations in for loops.
|   for (unsigned int i = 0; *(text+i) != '\0'; ++i)
|     continue;
|   return 0;
| }
| 
| // Check varargs and va_copy.
| static bool
| test_varargs (const char *format, ...)
| {
|   va_list args;
|   va_start (args, format);
|   va_list args_copy;
|   va_copy (args_copy, args);
| 
|   const char *str = "";
|   int number = 0;
|   float fnumber = 0;
| 
|   while (*format)
|     {
|       switch (*format++)
| 	{
| 	case 's': // string
| 	  str = va_arg (args_copy, const char *);
| 	  break;
| 	case 'd': // int
| 	  number = va_arg (args_copy, int);
| 	  break;
| 	case 'f': // float
| 	  fnumber = va_arg (args_copy, double);
| 	  break;
| 	default:
| 	  break;
| 	}
|     }
|   va_end (args_copy);
|   va_end (args);
| 
|   return *str && number && fnumber;
| }
| 
| 
| // Does the compiler advertise C11 conformance?
| #if !defined __STDC_VERSION__ || __STDC_VERSION__ < 201112L
| # error "Compiler does not advertise C11 conformance"
| #endif
| 
| // Check _Alignas.
| char _Alignas (double) aligned_as_double;
| char _Alignas (0) no_special_alignment;
| extern char aligned_as_int;
| char _Alignas (0) _Alignas (int) aligned_as_int;
| 
| // Check _Alignof.
| enum
| {
|   int_alignment = _Alignof (int),
|   int_array_alignment = _Alignof (int[100]),
|   char_alignment = _Alignof (char)
| };
| _Static_assert (0 < -_Alignof (int), "_Alignof is signed");
| 
| // Check _Noreturn.
| int _Noreturn does_not_return (void) { for (;;) continue; }
| 
| // Check _Static_assert.
| struct test_static_assert
| {
|   int x;
|   _Static_assert (sizeof (int) <= sizeof (long int),
|                   "_Static_assert does not work in struct");
|   long int y;
| };
| 
| // Check UTF-8 literals.
| #define u8 syntax error!
| char const utf8_literal[] = u8"happens to be ASCII" "another string";
| 
| // Check duplicate typedefs.
| typedef long *long_ptr;
| typedef long int *long_ptr;
| typedef long_ptr long_ptr;
| 
| // Anonymous structures and unions -- taken from C11 6.7.2.1 Example 1.
| struct anonymous
| {
|   union {
|     struct { int i; int j; };
|     struct { int k; long int l; } w;
|   };
|   int m;
| } v1;
| 
| 
| int
| main (int argc, char **argv)
| {
|   int ok = 0;
|   
| ok |= (argc == 0 || f (e, argv, 0) != argv[0] || f (e, argv, 1) != argv[1]);
| 
|   
|   // Check bool.
|   _Bool success = false;
|   success |= (argc != 0);
| 
|   // Check restrict.
|   if (test_restrict ("String literal") == 0)
|     success = true;
|   char *restrict newvar = "Another string";
| 
|   // Check varargs.
|   success &= test_varargs ("s, d' f .", "string", 65, 34.234);
|   test_varargs_macros ();
| 
|   // Check flexible array members.
|   struct incomplete_array *ia =
|     malloc (sizeof (struct incomplete_array) + (sizeof (double) * 10));
|   ia->datasize = 10;
|   for (int i = 0; i < ia->datasize; ++i)
|     ia->data[i] = i * 1.234;
| 
|   // Check named initializers.
|   struct named_init ni = {
|     .number = 34,
|     .name = L"Test wide string",
|     .average = 543.34343,
|   };
| 
|   ni.number = 58;
| 
|   int dynamic_array[ni.number];
|   dynamic_array[0] = argv[0][0];
|   dynamic_array[ni.number - 1] = 543;
| 
|   // work around unused variable warnings
|   ok |= (!success || bignum == 0LL || ubignum == 0uLL || newvar[0] == 'x'
| 	 || dynamic_array[ni.number - 1] != 543);
| 
|   
|   _Static_assert ((offsetof (struct anonymous, i)
| 		   == offsetof (struct anonymous, w.k)),
| 		  "Anonymous union alignment botch");
|   v1.i = 2;
|   v1.w.k = 5;
|   ok |= v1.i != 5;
| 
|   return ok;
| }
| 
configure:3805: arm-anykav500-linux-uclibcgnueabi-gcc -std=gnu11 -c   conftest.c >&5
configure:3805: $? = 0
configure:3826: result: -std=gnu11
configure:3953: checking for arm-anykav500-linux-uclibcgnueabi-g++
configure:3974: found /home/anyka/arm-anykav500-linux-uclibcgnueabi/usr/bin/arm-anykav500-linux-uclibcgnueabi-g++
configure:3985: result: arm-anykav500-linux-uclibcgnueabi-g++
configure:4061: checking for C++ compiler version
configure:4070: arm-anykav500-linux-uclibcgnueabi-g++ --version >&5
arm-anykav500-linux-uclibcgnueabi-g++.br_real (Buildroot 2018.02.7_V1.0.05-gec2d034) 4.9.4
Copyright (C) 2015 Free Software Foundation, Inc.
This is free software; see the source for copying conditions.  There is NO
warranty; not even for MERCHANTABILITY or FITNESS FOR A PARTICULAR PURPOSE.

configure:4081: $? = 0
configure:4070: arm-anykav500-linux-uclibcgnueabi-g++ -v >&5
Using built-in specs.
COLLECT_GCC=/home/anyka/arm-anykav500-linux-uclibcgnueabi/bin/arm-anykav500-linux-uclibcgnueabi-g++.br_real
COLLECT_LTO_WRAPPER=/home/anyka/arm-anykav500-linux-uclibcgnueabi/bin/../libexec/gcc/arm-anykav500-linux-uclibcgnueabi/4.9.4/lto-wrapper
Target: arm-anykav500-linux-uclibcgnueabi
Configured with: ./configure --prefix=/home/leihaitao/nfs/project/buildroot/buildroot.stable/arm-anykav500-linux-uclibcgnueabi --sysconfdir=/home/leihaitao/nfs/project/buildroot/buildroot.stable/arm-anykav500-linux-uclibcgnueabi/etc --enable-static --target=arm-anykav500-linux-uclibcgnueabi --with-sysroot=/home/leihaitao/nfs/project/buildroot/buildroot.stable/arm-anykav500-linux-uclibcgnueabi/arm-anykav500-linux-uclibcgnueabi/sysroot --disable-__cxa_atexit --with-gnu-ld --disable-multilib --with-gmp=/home/leihaitao/nfs/project/buildroot/buildroot.stable/arm-anykav500-linux-uclibcgnueabi --with-mpc=/home/leihaitao/nfs/project/buildroot/buildroot.stable/arm-anykav500-linux-uclibcgnueabi --with-mpfr=/home/leihaitao/nfs/project/buildroot/buildroot.stable/arm-anykav500-linux-uclibcgnueabi --with-pkgversion='Buildroot 2018.02.7_V1.0.05-gec2d034' --with-bugurl=http://bugs.buildroot.net/ --disable-libquadmath --disable-libsanitizer --enable-tls --disable-libmudflap --enable-threads --without-isl --without-cloog --with-float=soft --disable-decimal-float --with-abi=aapcs-linux --with-cpu=arm926ej-s --with-float=soft --with-mode=arm --enable-languages=c,c++ --with-build-time-tools=/home/leihaitao/nfs/project/buildroot/buildroot.stable/arm-anykav500-linux-uclibcgnueabi/arm-anykav500-linux-uclibcgnueabi/bin --enable-shared --disable-libgomp --enable-libssp
Thread model: posix
gcc version 4.9.4 (Buildroot 2018.02.7_V1.0.05-gec2d034) 
configure:4081: $? = 0
configure:4070: arm-anykav500-linux-uclibcgnueabi-g++ -V >&5
arm-anykav500-linux-uclibcgnueabi-g++.br_real: error: unrecognized command line option '-V'
arm-anykav500-linux-uclibcgnueabi-g++.br_real: fatal error: no input files
compilation terminated.
configure:4081: $? = 1
configure:4070: arm-anykav500-linux-uclibcgnueabi-g++ -qversion >&5
arm-anykav500-linux-uclibcgnueabi-g++.br_real: error: unrecognized command line option '-qversion'
arm-anykav500-linux-uclibcgnueabi-g++.br_real: fatal error: no input files
compilation terminated.
configure:4081: $? = 1
configure:4085: checking whether the compiler supports GNU C++
configure:4105: arm-anykav500-linux-uclibcgnueabi-g++ -c   conftest.cpp >&5
configure:4105: $? = 0
configure:4115: result: yes
configure:4126: checking whether arm-anykav500-linux-uclibcgnueabi-g++ accepts -g
configure:4147: arm-anykav500-linux-uclibcgnueabi-g++ -c -g  conftest.cpp >&5
configure:4147: $? = 0
configure:4191: result: yes
configure:4211: checking for arm-anykav500-linux-uclibcgnueabi-g++ option to enable C++11 features
configure:4226: arm-anykav500-linux-uclibcgnueabi-g++  -c -g -O2  conftest.cpp >&5
conftest.cpp:56:3: error: #error "Compiler does not advertise C++11 conformance"
 # error "Compiler does not advertise C++11 conformance"
   ^
conftest.cpp:61:3: error: 'constexpr' does not name a type
   constexpr int get_val() { return 20; }
   ^
conftest.cpp:61:3: note: C++11 'constexpr' only available with -std=c++11 or -std=gnu++11
conftest.cpp: In constructor 'cxx11test::delegate::delegate()':
conftest.cpp:73:30: warning: delegating constructors only available with -std=c++11 or -std=gnu++11
     delegate(): delegate(2354) {}
                              ^
conftest.cpp: At global scope:
conftest.cpp:84:24: warning: override controls (override/final) only available with -std=c++11 or -std=gnu++11
     virtual int getval() override final { return this->n * 2; }
                        ^
conftest.cpp:84:26: warning: override controls (override/final) only available with -std=c++11 or -std=gnu++11
     virtual int getval() override final { return this->n * 2; }
                          ^
conftest.cpp:91:16: warning: defaulted and deleted functions only available with -std=c++11 or -std=gnu++11
     nocopy() = default;
                ^
conftest.cpp:92:29: warning: defaulted and deleted functions only available with -std=c++11 or -std=gnu++11
     nocopy(const nocopy&) = delete;
                             ^
conftest.cpp:93:41: warning: defaulted and deleted functions only available with -std=c++11 or -std=gnu++11
     nocopy & operator=(const nocopy&) = delete;
                                         ^
conftest.cpp:105:46: error: ISO C++ forbids declaration of 'sum' with no type [-fpermissive]
   template <typename V> auto sum(V first) -> V
                                              ^
conftest.cpp:105:46: error: top-level declaration of 'sum' specifies 'auto'
conftest.cpp:105:46: error: trailing return type only available with -std=c++11 or -std=gnu++11
conftest.cpp:109:33: warning: variadic templates only available with -std=c++11 or -std=gnu++11
   template <typename V, typename... Args> auto sum(V first, Args... rest) -> V
                                 ^
conftest.cpp:109:69: warning: variadic templates only available with -std=c++11 or -std=gnu++11
   template <typename V, typename... Args> auto sum(V first, Args... rest) -> V
                                                                     ^
conftest.cpp:109:78: error: ISO C++ forbids declaration of 'sum' with no type [-fpermissive]
   template <typename V, typename... Args> auto sum(V first, Args... rest) -> V
                                                                              ^
conftest.cpp:109:78: error: top-level declaration of 'sum' specifies 'auto'
conftest.cpp:109:78: error: trailing return type only available with -std=c++11 or -std=gnu++11
conftest.cpp: In function 'int main(int, char**)':
conftest.cpp:133:8: error: 'a1' does not name a type
   auto a1 = 6538;
        ^
conftest.cpp:134:8: error: 'a2' does not name a type
   auto a2 = 48573953.4;
        ^
conftest.cpp:135:8: error: 'a3' does not name a type
   auto a3 = "String literal";
        ^
conftest.cpp:138:13: error: 'i' does not name a type
   for (auto i = a3; *i; ++i) { total += *i; }
             ^
conftest.cpp:138:21: error: expected ';' before '*' token
   for (auto i = a3; *i; ++i) { total += *i; }
                     ^
conftest.cpp:138:22: error: 'i' was not declared in this scope
   for (auto i = a3; *i; ++i) { total += *i; }
                      ^
conftest.cpp:140:12: error: 'a2' was not declared in this scope
   decltype(a2) a4 = 34895.034;
            ^
conftest.cpp:140:14: error: 'decltype' was not declared in this scope
   decltype(a2) a4 = 34895.034;
              ^
conftest.cpp:144:12: error: 'get_val' is not a member of 'cxx11test'
   short sa[cxx11test::get_val()] = { 0 };
            ^
conftest.cpp:154:14: error: ISO C++ forbids declaration of 'x' with no type [-fpermissive]
   for (auto &x : array) { x += 23; }
              ^
conftest.cpp:154:18: error: range-based 'for' loops are not allowed in C++98 mode
   for (auto &x : array) { x += 23; }
                  ^
conftest.cpp:159:41: warning: lambda expressions only available with -std=c++11 or -std=gnu++11
   assert (eval ([](int x) { return x*2; }, 21) == 42);
                                         ^
conftest.cpp:159:46: error: no matching function for call to 'eval(main(int, char**)::<lambda(int)>, int)'
   assert (eval ([](int x) { return x*2; }, 21) == 42);
                                              ^
conftest.cpp:159:46: note: candidate is:
conftest.cpp:99:44: note: template<class Ret, class Fn> Ret cxx11test::eval(Fn, Ret)
   template <typename Ret, typename Fn> Ret eval(Fn f, Ret v)
                                            ^
conftest.cpp:99:44: note:   template argument deduction/substitution failed:
conftest.cpp: In substitution of 'template<class Ret, class Fn> Ret cxx11test::eval(Fn, Ret) [with Ret = int; Fn = main(int, char**)::<lambda(int)>]':
conftest.cpp:159:46:   required from here
conftest.cpp:159:46: error: template argument for 'template<class Ret, class Fn> Ret cxx11test::eval(Fn, Ret)' uses local type 'main(int, char**)::<lambda(int)>'
   assert (eval ([](int x) { return x*2; }, 21) == 42);
                                              ^
conftest.cpp:159:46: error:   trying to instantiate 'template<class Ret, class Fn> Ret cxx11test::eval(Fn, Ret)'
conftest.cpp:161:48: warning: lambda expressions only available with -std=c++11 or -std=gnu++11
   assert (eval ([&](double x) { return d += x; }, 3.0) == 5.0);
                                                ^
conftest.cpp:161:54: error: no matching function for call to 'eval(main(int, char**)::<lambda(double)>, double)'
   assert (eval ([&](double x) { return d += x; }, 3.0) == 5.0);
                                                      ^
conftest.cpp:161:54: note: candidate is:
conftest.cpp:99:44: note: template<class Ret, class Fn> Ret cxx11test::eval(Fn, Ret)
   template <typename Ret, typename Fn> Ret eval(Fn f, Ret v)
                                            ^
conftest.cpp:99:44: note:   template argument deduction/substitution failed:
conftest.cpp: In substitution of 'template<class Ret, class Fn> Ret cxx11test::eval(Fn, Ret) [with Ret = double; Fn = main(int, char**)::<lambda(double)>]':
conftest.cpp:161:54:   required from here
conftest.cpp:161:54: error: template argument for 'template<class Ret, class Fn> Ret cxx11test::eval(Fn, Ret)' uses local type 'main(int, char**)::<lambda(double)>'
   assert (eval ([&](double x) { return d += x; }, 3.0) == 5.0);
                                                      ^
conftest.cpp:161:54: error:   trying to instantiate 'template<class Ret, class Fn> Ret cxx11test::eval(Fn, Ret)'
conftest.cpp:163:56: warning: lambda expressions only available with -std=c++11 or -std=gnu++11
   assert (eval ([=](double x) mutable { return d += x; }, 4.0) == 9.0);
                                                        ^
conftest.cpp:163:62: error: no matching function for call to 'eval(main(int, char**)::<lambda(double)>, double)'
   assert (eval ([=](double x) mutable { return d += x; }, 4.0) == 9.0);
                                                              ^
conftest.cpp:163:62: note: candidate is:
conftest.cpp:99:44: note: template<class Ret, class Fn> Ret cxx11test::eval(Fn, Ret)
   template <typename Ret, typename Fn> Ret eval(Fn f, Ret v)
                                            ^
conftest.cpp:99:44: note:   template argument deduction/substitution failed:
conftest.cpp: In substitution of 'template<class Ret, class Fn> Ret cxx11test::eval(Fn, Ret) [with Ret = double; Fn = main(int, char**)::<lambda(double)>]':
conftest.cpp:163:62:   required from here
conftest.cpp:163:62: error: template argument for 'template<class Ret, class Fn> Ret cxx11test::eval(Fn, Ret)' uses local type 'main(int, char**)::<lambda(double)>'
   assert (eval ([=](double x) mutable { return d += x; }, 4.0) == 9.0);
                                                              ^
conftest.cpp:163:62: error:   trying to instantiate 'template<class Ret, class Fn> Ret cxx11test::eval(Fn, Ret)'
conftest.cpp:168:20: error: 'cxx11test::sum' has not been declared
   using cxx11test::sum;
                    ^
conftest.cpp:169:8: error: 'a' does not name a type
   auto a = sum(1);
        ^
conftest.cpp:170:8: error: 'b' does not name a type
   auto b = sum(1, 2);
        ^
conftest.cpp:171:8: error: 'c' does not name a type
   auto c = sum(1.0, 2.0, 3.0);
        ^
conftest.cpp:185:13: error: 'nullptr' was not declared in this scope
   char *c = nullptr;
             ^
conftest.cpp:189:36: error: '>>' should be '> >' within a nested template argument list
   test_template<::test_template<int>> v(test_template<int>(12));
                                    ^
conftest.cpp:189:16: error: '<::' cannot begin a template-argument list [-fpermissive]
   test_template<::test_template<int>> v(test_template<int>(12));
                ^
conftest.cpp:189:16: note: '<:' is an alternate spelling for '['. Insert whitespace between '<' and '::'
conftest.cpp:189:16: note: (if you use '-fpermissive' or '-std=c++11', or '-std=gnu++11' G++ will accept your code)
conftest.cpp:193:22: error: 'u8' was not declared in this scope
   char const *utf8 = u8"UTF-8 string \u2500";
                      ^
conftest.cpp:194:3: error: 'char16_t' was not declared in this scope
   char16_t const *utf16 = u"UTF-8 string \u2500";
   ^
conftest.cpp:195:3: error: 'char32_t' was not declared in this scope
   char32_t const *utf32 = U"UTF-32 string \u2500";
   ^
configure:4226: $? = 1
configure: failed program was:
| /* confdefs.h */
| #define PACKAGE_NAME "Mini-XML"
| #define PACKAGE_TARNAME "mxml"
| #define PACKAGE_VERSION "3.3.1"
| #define PACKAGE_STRING "Mini-XML 3.3.1"
| #define PACKAGE_BUGREPORT "https://github.com/michaelrsweet/mxml/issues"
| #define PACKAGE_URL "https://www.msweet.org/mxml"
| #define MXML_VERSION "Mini-XML v3.3.1"
| /* end confdefs.h.  */
| 
| // Does the compiler advertise C++98 conformance?
| #if !defined __cplusplus || __cplusplus < 199711L
| # error "Compiler does not advertise C++98 conformance"
| #endif
| 
| // These inclusions are to reject old compilers that
| // lack the unsuffixed header files.
| #include <cstdlib>
| #include <exception>
| 
| // <cassert> and <cstring> are *not* freestanding headers in C++98.
| extern void assert (int);
| namespace std {
|   extern int strcmp (const char *, const char *);
| }
| 
| // Namespaces, exceptions, and templates were all added after "C++ 2.0".
| using std::exception;
| using std::strcmp;
| 
| namespace {
| 
| void test_exception_syntax()
| {
|   try {
|     throw "test";
|   } catch (const char *s) {
|     // Extra parentheses suppress a warning when building autoconf itself,
|     // due to lint rules shared with more typical C programs.
|     assert (!(strcmp) (s, "test"));
|   }
| }
| 
| template <typename T> struct test_template
| {
|   T const val;
|   explicit test_template(T t) : val(t) {}
|   template <typename U> T add(U u) { return static_cast<T>(u) + val; }
| };
| 
| } // anonymous namespace
| 
| 
| // Does the compiler advertise C++ 2011 conformance?
| #if !defined __cplusplus || __cplusplus < 201103L
| # error "Compiler does not advertise C++11 conformance"
| #endif
| 
| namespace cxx11test
| {
|   constexpr int get_val() { return 20; }
| 
|   struct testinit
|   {
|     int i;
|     double d;
|   };
| 
|   class delegate
|   {
|   public:
|     delegate(int n) : n(n) {}
|     delegate(): delegate(2354) {}
| 
|     virtual int getval() { return this->n; };
|   protected:
|     int n;
|   };
| 
|   class overridden : public delegate
|   {
|   public:
|     overridden(int n): delegate(n) {}
|     virtual int getval() override final { return this->n * 2; }
|   };
| 
|   class nocopy
|   {
|   public:
|     nocopy(int i): i(i) {}
|     nocopy() = default;
|     nocopy(const nocopy&) = delete;
|     nocopy & operator=(const nocopy&) = delete;
|   private:
|     int i;
|   };
| 
|   // for testing lambda expressions
|   template <typename Ret, typename Fn> Ret eval(Fn f, Ret v)
|   {
|     return f(v);
|   }
| 
|   // for testing variadic templates and trailing return types
|   template <typename V> auto sum(V first) -> V
|   {
|     return first;
|   }
|   template <typename V, typename... Args> auto sum(V first, Args... rest) -> V
|   {
|     return first + sum(rest...);
|   }
| }
| 
| 
| int
| main (int argc, char **argv)
| {
|   int ok = 0;
|   
|   assert (argc);
|   assert (! argv[0]);
| {
|   test_exception_syntax ();
|   test_template<double> tt (2.0);
|   assert (tt.add (4) == 6.0);
|   assert (true && !false);
| }
| 
|   
| {
|   // Test auto and decltype
|   auto a1 = 6538;
|   auto a2 = 48573953.4;
|   auto a3 = "String literal";
| 
|   int total = 0;
|   for (auto i = a3; *i; ++i) { total += *i; }
| 
|   decltype(a2) a4 = 34895.034;
| }
| {
|   // Test constexpr
|   short sa[cxx11test::get_val()] = { 0 };
| }
| {
|   // Test initializer lists
|   cxx11test::testinit il = { 4323, 435234.23544 };
| }
| {
|   // Test range-based for
|   int array[] = {9, 7, 13, 15, 4, 18, 12, 10, 5, 3,
|                  14, 19, 17, 8, 6, 20, 16, 2, 11, 1};
|   for (auto &x : array) { x += 23; }
| }
| {
|   // Test lambda expressions
|   using cxx11test::eval;
|   assert (eval ([](int x) { return x*2; }, 21) == 42);
|   double d = 2.0;
|   assert (eval ([&](double x) { return d += x; }, 3.0) == 5.0);
|   assert (d == 5.0);
|   assert (eval ([=](double x) mutable { return d += x; }, 4.0) == 9.0);
|   assert (d == 5.0);
| }
| {
|   // Test use of variadic templates
|   using cxx11test::sum;
|   auto a = sum(1);
|   auto b = sum(1, 2);
|   auto c = sum(1.0, 2.0, 3.0);
| }
| {
|   // Test constructor delegation
|   cxx11test::delegate d1;
|   cxx11test::delegate d2();
|   cxx11test::delegate d3(45);
| }
| {
|   // Test override and final
|   cxx11test::overridden o1(55464);
| }
| {
|   // Test nullptr
|   char *c = nullptr;
| }
| {
|   // Test template brackets
|   test_template<::test_template<int>> v(test_template<int>(12));
| }
| {
|   // Unicode literals
|   char const *utf8 = u8"UTF-8 string \u2500";
|   char16_t const *utf16 = u"UTF-8 string \u2500";
|   char32_t const *utf32 = U"UTF-32 string \u2500";
| }
| 
|   return ok;
| }
| 
configure:4244: result: none needed
configure:4323: checking for a BSD-compatible install
configure:4396: result: /usr/bin/install -c
configure:4417: checking for arm-anykav500-linux-uclibcgnueabi-ranlib
configure:4438: found /home/anyka/arm-anykav500-linux-uclibcgnueabi/usr/bin/arm-anykav500-linux-uclibcgnueabi-ranlib
configure:4449: result: arm-anykav500-linux-uclibcgnueabi-ranlib
configure:4519: checking for arm-anykav500-linux-uclibcgnueabi-ar
configure:4540: found /home/anyka/arm-anykav500-linux-uclibcgnueabi/usr/bin/arm-anykav500-linux-uclibcgnueabi-ar
configure:4551: result: arm-anykav500-linux-uclibcgnueabi-ar
configure:4620: checking for cp
configure:4643: found /usr/bin/cp
configure:4655: result: /usr/bin/cp
configure:4667: checking for ldconfig
configure:4690: found /usr/sbin/ldconfig
configure:4702: result: /usr/sbin/ldconfig
configure:4715: checking for ln
configure:4738: found /usr/bin/ln
configure:4750: result: /usr/bin/ln
configure:4760: checking for mkdir
configure:4783: found /usr/bin/mkdir
configure:4795: result: /usr/bin/mkdir
configure:4805: checking for rm
configure:4828: found /usr/bin/rm
configure:4840: result: /usr/bin/rm
configure:4866: checking for inline
configure:4883: arm-anykav500-linux-uclibcgnueabi-gcc -std=gnu11 -c   conftest.c >&5
configure:4883: $? = 0
configure:4892: result: inline
configure:4915: checking for strdup
configure:4915: arm-anykav500-linux-uclibcgnueabi-gcc -std=gnu11 -o conftest    conftest.c  >&5
conftest.c:26:6: warning: conflicting types for built-in function 'strdup'
 char strdup ();
      ^
configure:4915: $? = 0
configure:4915: result: yes
configure:4921: checking for strlcat
configure:4921: arm-anykav500-linux-uclibcgnueabi-gcc -std=gnu11 -o conftest    conftest.c  >&5
configure:4921: $? = 0
configure:4921: result: yes
configure:4927: checking for strlcpy
configure:4927: arm-anykav500-linux-uclibcgnueabi-gcc -std=gnu11 -o conftest    conftest.c  >&5
configure:4927: $? = 0
configure:4927: result: yes
configure:4940: checking for snprintf
configure:4940: arm-anykav500-linux-uclibcgnueabi-gcc -std=gnu11 -o conftest    conftest.c  >&5
conftest.c:29:6: warning: conflicting types for built-in function 'snprintf'
 char snprintf ();
      ^
configure:4940: $? = 0
configure:4940: result: yes
configure:4946: checking for vasprintf
configure:4946: arm-anykav500-linux-uclibcgnueabi-gcc -std=gnu11 -o conftest    conftest.c  >&5
configure:4946: $? = 0
configure:4946: result: yes
configure:4952: checking for vsnprintf
configure:4952: arm-anykav500-linux-uclibcgnueabi-gcc -std=gnu11 -o conftest    conftest.c  >&5
conftest.c:31:6: warning: conflicting types for built-in function 'vsnprintf'
 char vsnprintf ();
      ^
configure:4952: $? = 0
configure:4952: result: yes
configure:4964: checking for unsigned long long int
configure:5006: arm-anykav500-linux-uclibcgnueabi-gcc -std=gnu11 -o conftest    conftest.c  >&5
configure:5006: $? = 0
configure:5016: result: yes
configure:5026: checking for long long int
configure:5081: result: yes
configure:5103: checking for stdio.h
configure:5103: arm-anykav500-linux-uclibcgnueabi-gcc -std=gnu11 -c   conftest.c >&5
configure:5103: $? = 0
configure:5103: result: yes
configure:5103: checking for stdlib.h
configure:5103: arm-anykav500-linux-uclibcgnueabi-gcc -std=gnu11 -c   conftest.c >&5
configure:5103: $? = 0
configure:5103: result: yes
configure:5103: checking for string.h
configure:5103: arm-anykav500-linux-uclibcgnueabi-gcc -std=gnu11 -c   conftest.c >&5
configure:5103: $? = 0
configure:5103: result: yes
configure:5103: checking for inttypes.h
configure:5103: arm-anykav500-linux-uclibcgnueabi-gcc -std=gnu11 -c   conftest.c >&5
configure:5103: $? = 0
configure:5103: result: yes
configure:5103: checking for stdint.h
configure:5103: arm-anykav500-linux-uclibcgnueabi-gcc -std=gnu11 -c   conftest.c >&5
configure:5103: $? = 0
configure:5103: result: yes
configure:5103: checking for strings.h
configure:5103: arm-anykav500-linux-uclibcgnueabi-gcc -std=gnu11 -c   conftest.c >&5
configure:5103: $? = 0
configure:5103: result: yes
configure:5103: checking for sys/stat.h
configure:5103: arm-anykav500-linux-uclibcgnueabi-gcc -std=gnu11 -c   conftest.c >&5
configure:5103: $? = 0
configure:5103: result: yes
configure:5103: checking for sys/types.h
configure:5103: arm-anykav500-linux-uclibcgnueabi-gcc -std=gnu11 -c   conftest.c >&5
configure:5103: $? = 0
configure:5103: result: yes
configure:5103: checking for unistd.h
configure:5103: arm-anykav500-linux-uclibcgnueabi-gcc -std=gnu11 -c   conftest.c >&5
configure:5103: $? = 0
configure:5103: result: yes
configure:5131: checking for pthread.h
configure:5131: arm-anykav500-linux-uclibcgnueabi-gcc -std=gnu11 -c   conftest.c >&5
configure:5131: $? = 0
configure:5131: result: yes
configure:5145: checking for pthread_create using -lpthreads
configure:5166: arm-anykav500-linux-uclibcgnueabi-gcc -std=gnu11 -o conftest    conftest.c -lpthreads  >&5
/home/anyka/arm-anykav500-linux-uclibcgnueabi/bin/../lib/gcc/arm-anykav500-linux-uclibcgnueabi/4.9.4/../../../../arm-anykav500-linux-uclibcgnueabi/bin/ld: cannot find -lpthreads
collect2: error: ld returned 1 exit status
configure:5166: $? = 1
configure: failed program was:
| /* confdefs.h */
| #define PACKAGE_NAME "Mini-XML"
| #define PACKAGE_TARNAME "mxml"
| #define PACKAGE_VERSION "3.3.1"
| #define PACKAGE_STRING "Mini-XML 3.3.1"
| #define PACKAGE_BUGREPORT "https://github.com/michaelrsweet/mxml/issues"
| #define PACKAGE_URL "https://www.msweet.org/mxml"
| #define MXML_VERSION "Mini-XML v3.3.1"
| #define HAVE_STRDUP 1
| #define HAVE_STRLCAT 1
| #define HAVE_STRLCPY 1
| #define HAVE_SNPRINTF 1
| #define HAVE_VASPRINTF 1
| #define HAVE_VSNPRINTF 1
| #define HAVE_UNSIGNED_LONG_LONG_INT 1
| #define HAVE_LONG_LONG_INT 1
| #define HAVE_STDIO_H 1
| #define HAVE_STDLIB_H 1
| #define HAVE_STRING_H 1
| #define HAVE_INTTYPES_H 1
| #define HAVE_STDINT_H 1
| #define HAVE_STRINGS_H 1
| #define HAVE_SYS_STAT_H 1
| #define HAVE_SYS_TYPES_H 1
| #define HAVE_UNISTD_H 1
| #define STDC_HEADERS 1
| #define HAVE_PTHREAD_H Have <pthread.h>?
| /* end confdefs.h.  */
| #include <pthread.h>
| int
| main (void)
| {
| pthread_create(0, 0, 0, 0);
|   ;
|   return 0;
| }
configure:5189: result: no
configure:5145: checking for pthread_create using -lpthread
configure:5166: arm-anykav500-linux-uclibcgnueabi-gcc -std=gnu11 -o conftest    conftest.c -lpthread  >&5
configure:5166: $? = 0
configure:5182: result: yes
configure:5213: checking for shared library support
configure:5229: result: yes
configure:5348: checking whether compiler supports -Wno-char-subscripts
configure:5365: arm-anykav500-linux-uclibcgnueabi-gcc -std=gnu11 -c -D_GNU_SOURCE  -Wno-char-subscripts -Werror  -D_THREAD_SAFE -D_REENTRANT -D_FORTIFY_SOURCE=2 conftest.c >&5
configure:5365: $? = 0
configure:5368: result: yes
configure:5348: checking whether compiler supports -Wno-format-truncation
configure:5365: arm-anykav500-linux-uclibcgnueabi-gcc -std=gnu11 -c -D_GNU_SOURCE  -Wno-format-truncation -Werror  -D_THREAD_SAFE -D_REENTRANT -D_FORTIFY_SOURCE=2 conftest.c >&5
configure:5365: $? = 0
configure:5368: result: yes
configure:5348: checking whether compiler supports -Wno-format-y2k
configure:5365: arm-anykav500-linux-uclibcgnueabi-gcc -std=gnu11 -c -D_GNU_SOURCE  -Wno-format-y2k -Werror  -D_THREAD_SAFE -D_REENTRANT -D_FORTIFY_SOURCE=2 conftest.c >&5
configure:5365: $? = 0
configure:5368: result: yes
configure:5348: checking whether compiler supports -Wno-switch
configure:5365: arm-anykav500-linux-uclibcgnueabi-gcc -std=gnu11 -c -D_GNU_SOURCE  -Wno-switch -Werror  -D_THREAD_SAFE -D_REENTRANT -D_FORTIFY_SOURCE=2 conftest.c >&5
configure:5365: $? = 0
configure:5368: result: yes
configure:5348: checking whether compiler supports -Wno-unused-result
configure:5365: arm-anykav500-linux-uclibcgnueabi-gcc -std=gnu11 -c -D_GNU_SOURCE  -Wno-unused-result -Werror  -D_THREAD_SAFE -D_REENTRANT -D_FORTIFY_SOURCE=2 conftest.c >&5
configure:5365: $? = 0
configure:5368: result: yes
configure:5620: creating ./config.status

## ---------------------- ##
## Running config.status. ##
## ---------------------- ##

This file was extended by Mini-XML config.status 3.3.1, which was
generated by GNU Autoconf 2.71.  Invocation command line was

  CONFIG_FILES    = 
  CONFIG_HEADERS  = 
  CONFIG_LINKS    = 
  CONFIG_COMMANDS = 
  $ ./config.status 

on ubt

config.status:830: creating Makefile
config.status:830: creating mxml.pc
config.status:830: creating config.h
config.status:1005: config.h is unchanged

## ---------------- ##
## Cache variables. ##
## ---------------- ##

ac_cv_build=x86_64-unknown-linux-gnu
ac_cv_c_compiler_gnu=yes
ac_cv_c_inline=inline
ac_cv_cxx_compiler_gnu=yes
ac_cv_env_CCC_set=
ac_cv_env_CCC_value=
ac_cv_env_CC_set=
ac_cv_env_CC_value=
ac_cv_env_CFLAGS_set=
ac_cv_env_CFLAGS_value=
ac_cv_env_CPPFLAGS_set=
ac_cv_env_CPPFLAGS_value=
ac_cv_env_CXXFLAGS_set=
ac_cv_env_CXXFLAGS_value=
ac_cv_env_CXX_set=
ac_cv_env_CXX_value=
ac_cv_env_LDFLAGS_set=
ac_cv_env_LDFLAGS_value=
ac_cv_env_LIBS_set=
ac_cv_env_LIBS_value=
ac_cv_env_build_alias_set=
ac_cv_env_build_alias_value=
ac_cv_env_host_alias_set=set
ac_cv_env_host_alias_value=arm-anykav500-linux-uclibcgnueabi
ac_cv_env_target_alias_set=
ac_cv_env_target_alias_value=
ac_cv_func_snprintf=yes
ac_cv_func_strdup=yes
ac_cv_func_strlcat=yes
ac_cv_func_strlcpy=yes
ac_cv_func_vasprintf=yes
ac_cv_func_vsnprintf=yes
ac_cv_header_inttypes_h=yes
ac_cv_header_pthread_h=yes
ac_cv_header_stdint_h=yes
ac_cv_header_stdio_h=yes
ac_cv_header_stdlib_h=yes
ac_cv_header_string_h=yes
ac_cv_header_strings_h=yes
ac_cv_header_sys_stat_h=yes
ac_cv_header_sys_types_h=yes
ac_cv_header_unistd_h=yes
ac_cv_host=arm-anykav500-linux-uclibcgnueabi
ac_cv_objext=o
ac_cv_path_CP=/usr/bin/cp
ac_cv_path_LDCONFIG=/usr/sbin/ldconfig
ac_cv_path_LN=/usr/bin/ln
ac_cv_path_MKDIR=/usr/bin/mkdir
ac_cv_path_RM=/usr/bin/rm
ac_cv_path_install='/usr/bin/install -c'
ac_cv_prog_AR=arm-anykav500-linux-uclibcgnueabi-ar
ac_cv_prog_CC=arm-anykav500-linux-uclibcgnueabi-gcc
ac_cv_prog_CXX=arm-anykav500-linux-uclibcgnueabi-g++
ac_cv_prog_RANLIB=arm-anykav500-linux-uclibcgnueabi-ranlib
ac_cv_prog_cc_c11=-std=gnu11
ac_cv_prog_cc_g=yes
ac_cv_prog_cc_stdc=-std=gnu11
ac_cv_prog_cxx_11=no
ac_cv_prog_cxx_g=yes
ac_cv_prog_cxx_stdcxx=
ac_cv_type_long_long_int=yes
ac_cv_type_unsigned_long_long_int=yes

## ----------------- ##
## Output variables. ##
## ----------------- ##

AR='arm-anykav500-linux-uclibcgnueabi-ar'
ARCHFLAGS=''
ARFLAGS='crvs'
CC='arm-anykav500-linux-uclibcgnueabi-gcc -std=gnu11'
CFLAGS='-D_GNU_SOURCE '
CP='/usr/bin/cp'
CPPFLAGS=' -D_THREAD_SAFE -D_REENTRANT -D_FORTIFY_SOURCE=2'
CXX='arm-anykav500-linux-uclibcgnueabi-g++'
CXXFLAGS='-g -O2'
DEFS='-DHAVE_CONFIG_H'
DSO='$(CC)'
DSOFLAGS=' -Wl,-soname,libmxml.so.1 -shared $(OPTIM)'
ECHO_C=''
ECHO_N='-n'
ECHO_T=''
EXEEXT=''
INSTALL_DATA='${INSTALL} -m 644'
INSTALL_PROGRAM='${INSTALL}'
INSTALL_SCRIPT='${INSTALL}'
LDCONFIG='/usr/sbin/ldconfig'
LDFLAGS=''
LIBMXML='libmxml.so.1.6'
LIBOBJS=''
LIBS='-lpthread '
LN='/usr/bin/ln'
LTLIBOBJS=''
MKDIR='/usr/bin/mkdir'
OBJEXT='o'
OPTIM='-fPIC -g -Os'
PACKAGE_BUGREPORT='https://github.com/michaelrsweet/mxml/issues'
PACKAGE_NAME='Mini-XML'
PACKAGE_STRING='Mini-XML 3.3.1'
PACKAGE_TARNAME='mxml'
PACKAGE_URL='https://www.msweet.org/mxml'
PACKAGE_VERSION='3.3.1'
PATH_SEPARATOR=':'
PC_CFLAGS='-I${prefix}/include'
PC_LIBS='-L${exec_prefix}/lib -lmxml'
PICFLAG='1'
RANLIB='arm-anykav500-linux-uclibcgnueabi-ranlib'
RM='/usr/bin/rm'
SHELL='/bin/bash'
TARGETS='CROSSTARGETS'
VERSION='3.3.1'
WARNINGS='-Wall -Wunused -Wno-char-subscripts -Wno-format-truncation -Wno-format-y2k -Wno-switch -Wno-unused-result'
ac_ct_CC=''
ac_ct_CXX=''
bindir='${exec_prefix}/bin'
build='x86_64-unknown-linux-gnu'
build_alias=''
build_cpu='x86_64'
build_os='linux-gnu'
build_vendor='unknown'
datadir='${datarootdir}'
datarootdir='${prefix}/share'
docdir='${datarootdir}/doc/mxml'
dvidir='${docdir}'
exec_prefix='/home/xiaole/smb/ipc_onvif_demo/open_source_libraries/mxml-3.3.1/output'
host='arm-anykav500-linux-uclibcgnueabi'
host_alias='arm-anykav500-linux-uclibcgnueabi'
host_cpu='arm'
host_os='linux-uclibcgnueabi'
host_vendor='anykav500'
htmldir='${docdir}'
includedir='${prefix}/include'
infodir='${datarootdir}/info'
libdir='${exec_prefix}/lib'
libexecdir='${exec_prefix}/libexec'
localedir='${datarootdir}/locale'
localstatedir='${prefix}/var'
mandir='${datarootdir}/man'
oldincludedir='/usr/include'
pdfdir='${docdir}'
prefix='/home/xiaole/smb/ipc_onvif_demo/open_source_libraries/mxml-3.3.1/output'
program_transform_name='s,x,x,'
psdir='${docdir}'
runstatedir='${localstatedir}/run'
sbindir='${exec_prefix}/sbin'
sharedstatedir='${prefix}/com'
sysconfdir='${prefix}/etc'
target_alias=''

## ----------- ##
## confdefs.h. ##
## ----------- ##

/* confdefs.h */
#define PACKAGE_NAME "Mini-XML"
#define PACKAGE_TARNAME "mxml"
#define PACKAGE_VERSION "3.3.1"
#define PACKAGE_STRING "Mini-XML 3.3.1"
#define PACKAGE_BUGREPORT "https://github.com/michaelrsweet/mxml/issues"
#define PACKAGE_URL "https://www.msweet.org/mxml"
#define MXML_VERSION "Mini-XML v3.3.1"
#define HAVE_STRDUP 1
#define HAVE_STRLCAT 1
#define HAVE_STRLCPY 1
#define HAVE_SNPRINTF 1
#define HAVE_VASPRINTF 1
#define HAVE_VSNPRINTF 1
#define HAVE_UNSIGNED_LONG_LONG_INT 1
#define HAVE_LONG_LONG_INT 1
#define HAVE_STDIO_H 1
#define HAVE_STDLIB_H 1
#define HAVE_STRING_H 1
#define HAVE_INTTYPES_H 1
#define HAVE_STDINT_H 1
#define HAVE_STRINGS_H 1
#define HAVE_SYS_STAT_H 1
#define HAVE_SYS_TYPES_H 1
#define HAVE_UNISTD_H 1
#define STDC_HEADERS 1
#define HAVE_PTHREAD_H Have <pthread.h>?

configure: exit 0
